Using pre-set license
Built from '2021.1/release' branch; Version is '2021.1.16f1 (5fa502fca597) revision 6268162'; Using compiler version '192528614'; Build Type 'Release'
OS: 'Windows 10 Pro; OS build 19042.1165; Version 2009; 64bit' Language: 'en' Physical Memory: 14246 MB
BatchMode: 1, IsHumanControllingUs: 0, StartBugReporterOnCrash: 0, Is64bit: 1, IsPro: 0

 COMMAND LINE ARGUMENTS:
C:\code\unity\2021.1.16f1\Editor\Unity.exe
-adb2
-batchMode
-noUpm
-name
AssetImportWorker0
-projectPath
C:/Users/qwe/Documents/GitHub/Play_Kosmos/SpaceShip
-logFile
Logs/AssetImportWorker0.log
-srvPort
52913
Successfully changed project path to: C:/Users/qwe/Documents/GitHub/Play_Kosmos/SpaceShip
C:/Users/qwe/Documents/GitHub/Play_Kosmos/SpaceShip
Using Asset Import Pipeline V2.
Refreshing native plugins compatible for Editor in 133.69 ms, found 7 plugins.
Preloading 0 native plugins for Editor in 0.00 ms.
Initialize engine version: 2021.1.16f1 (5fa502fca597)
[Subsystems] Discovering subsystems at path C:/code/unity/2021.1.16f1/Editor/Data/Resources/UnitySubsystems
[Subsystems] Discovering subsystems at path C:/Users/qwe/Documents/GitHub/Play_Kosmos/SpaceShip/Assets
GfxDevice: creating device client; threaded=0; jobified=0
Direct3D:
    Version:  Direct3D 11.0 [level 11.1]
    Renderer: AMD Radeon(TM) RX Vega 11 Graphics (ID=0x15d8)
    Vendor:   ATI
    VRAM:     7123 MB
    Driver:   27.20.1020.1
Initialize mono
Mono path[0] = 'C:/code/unity/2021.1.16f1/Editor/Data/Managed'
Mono path[1] = 'C:/code/unity/2021.1.16f1/Editor/Data/MonoBleedingEdge/lib/mono/unityjit'
Mono config path = 'C:/code/unity/2021.1.16f1/Editor/Data/MonoBleedingEdge/etc'
Using monoOptions --debugger-agent=transport=dt_socket,embedding=1,server=y,suspend=n,address=127.0.0.1:56896
Begin MonoManager ReloadAssembly
Registering precompiled unity dll's ...
Register platform support module: C:/code/unity/2021.1.16f1/Editor/Data/PlaybackEngines/WindowsStandaloneSupport/UnityEditor.WindowsStandalone.Extensions.dll
Registered in 0.003463 seconds.
Native extension for WindowsStandalone target not found
Refreshing native plugins compatible for Editor in 137.63 ms, found 7 plugins.
Preloading 0 native plugins for Editor in 0.00 ms.
Mono: successfully reloaded assembly
- Completed reload, in  2.671 seconds
Domain Reload Profiling:
	ReloadAssembly (2671ms)
		BeginReloadAssembly (90ms)
			ExecutionOrderSort (0ms)
			DisableScriptedObjects (0ms)
			BackupInstance (0ms)
			ReleaseScriptingObjects (0ms)
			CreateAndSetChildDomain (1ms)
		EndReloadAssembly (659ms)
			LoadAssemblies (86ms)
			RebuildTransferFunctionScriptingTraits (0ms)
			SetupTypeCache (209ms)
			ReleaseScriptCaches (0ms)
			RebuildScriptCaches (37ms)
			SetupLoadedEditorAssemblies (342ms)
				LogAssemblyErrors (0ms)
				InitializePlatformSupportModulesInManaged (9ms)
				SetLoadedEditorAssemblies (0ms)
				RefreshPlugins (138ms)
				BeforeProcessingInitializeOnLoad (2ms)
				ProcessInitializeOnLoadAttributes (149ms)
				ProcessInitializeOnLoadMethodAttributes (44ms)
				AfterProcessingInitializeOnLoad (0ms)
				EditorAssembliesLoaded (0ms)
			ExecutionOrderSort2 (0ms)
			AwakeInstancesAfterBackupRestoration (0ms)
Platform modules already initialized, skipping
Registering precompiled user dll's ...
Registered in 0.008751 seconds.
Begin MonoManager ReloadAssembly
Symbol file LoadedFromMemory doesn't match image C:\Users\qwe\Documents\GitHub\Play_Kosmos\SpaceShip\Library\PackageCache\com.unity.visualscripting@1.6.1\Editor\VisualScripting.Core\Dependencies\YamlDotNet\Unity.VisualScripting.YamlDotNet.dll
Symbol file LoadedFromMemory doesn't match image C:\Users\qwe\Documents\GitHub\Play_Kosmos\SpaceShip\Library\PackageCache\com.unity.visualscripting@1.6.1\Editor\VisualScripting.Core\Dependencies\DotNetZip\Unity.VisualScripting.IonicZip.dll
Native extension for WindowsStandalone target not found
Refreshing native plugins compatible for Editor in 142.46 ms, found 7 plugins.
Preloading 0 native plugins for Editor in 0.00 ms.
Mono: successfully reloaded assembly
- Completed reload, in  1.847 seconds
Domain Reload Profiling:
	ReloadAssembly (1848ms)
		BeginReloadAssembly (199ms)
			ExecutionOrderSort (0ms)
			DisableScriptedObjects (6ms)
			BackupInstance (0ms)
			ReleaseScriptingObjects (0ms)
			CreateAndSetChildDomain (23ms)
		EndReloadAssembly (1563ms)
			LoadAssemblies (129ms)
			RebuildTransferFunctionScriptingTraits (0ms)
			SetupTypeCache (497ms)
			ReleaseScriptCaches (1ms)
			RebuildScriptCaches (87ms)
			SetupLoadedEditorAssemblies (715ms)
				LogAssemblyErrors (0ms)
				InitializePlatformSupportModulesInManaged (5ms)
				SetLoadedEditorAssemblies (0ms)
				RefreshPlugins (143ms)
				BeforeProcessingInitializeOnLoad (118ms)
				ProcessInitializeOnLoadAttributes (415ms)
				ProcessInitializeOnLoadMethodAttributes (24ms)
				AfterProcessingInitializeOnLoad (11ms)
				EditorAssembliesLoaded (0ms)
			ExecutionOrderSort2 (0ms)
			AwakeInstancesAfterBackupRestoration (9ms)
Platform modules already initialized, skipping
========================================================================
Worker process is ready to serve import requests
Launched and connected shader compiler UnityShaderCompiler.exe after 0.07 seconds
Refreshing native plugins compatible for Editor in 1.22 ms, found 7 plugins.
Preloading 0 native plugins for Editor in 0.00 ms.
Unloading 3881 Unused Serialized files (Serialized files now loaded: 0)
System memory in use before: 144.7 MB.
System memory in use after: 144.8 MB.

Unloading 43 unused Assets to reduce memory usage. Loaded Objects now: 4320.
Total: 4.597100 ms (FindLiveObjects: 0.339800 ms CreateObjectMapping: 0.119700 ms MarkObjects: 4.012700 ms  DeleteObjects: 0.123400 ms)

AssetImportParameters requested are different than current active one (requested -> active):
  custom:framework-win-MediaFoundation: 216162199b28c13a410421893ffa2e32 -> 
  custom:video-decoder-ogg-theora: a1e56fd34408186e4bbccfd4996cb3dc -> 
  custom:container-muxer-webm: aa71ff27fc2769a1b78a27578f13a17b -> 
  custom:container-demuxer-webm: 4f35f7cbe854078d1ac9338744f61a02 -> 
  custom:container-demuxer-ogg: 62fdf1f143b41e24485cea50d1cbac27 -> 
  custom:video-encoder-webm-vp8: eb34c28f22e8b96e1ab97ce403110664 -> 
  custom:video-codec-MediaFoundation-h265: 746d11721c4dcdbdad8f713fa42b33f4 -> 
  custom:video-decoder-webm-vp8: 9c59270c3fd7afecdb556c50c9e8de78 -> 
  custom:audio-decoder-ogg-vorbis: bf7c407c2cedff20999df2af8eb42d56 -> 
  custom:audio-encoder-webm-vorbis: bf7c407c2cedff20999df2af8eb42d56 -> 
========================================================================
Received Import Request.
  path: Assets/Scripts/StartPlayingЕруGame.cs
  artifactKey: Guid(af98552f8181eb64482ff1617df7798c) Importer(815301076,1909f56bfc062723c751e8b465ee728b)
Start importing Assets/Scripts/StartPlayingЕруGame.cs using Guid(af98552f8181eb64482ff1617df7798c) Importer(815301076,1909f56bfc062723c751e8b465ee728b)  -> (artifact id: '27a51283b6188a83097f087eb58cc485') in 0.041109 seconds 
========================================================================
Received Import Request.
  Time since last request: 11.325440 seconds.
  path: Assets/Scripts/StartPlayingTheGame.cs
  artifactKey: Guid(af98552f8181eb64482ff1617df7798c) Importer(815301076,1909f56bfc062723c751e8b465ee728b)
Start importing Assets/Scripts/StartPlayingTheGame.cs using Guid(af98552f8181eb64482ff1617df7798c) Importer(815301076,1909f56bfc062723c751e8b465ee728b)  -> (artifact id: '0c257198558c48c229f7898a01923329') in 0.010093 seconds 
========================================================================
Received Prepare
Registering precompiled user dll's ...
Registered in 0.008309 seconds.
Begin MonoManager ReloadAssembly
Symbol file LoadedFromMemory doesn't match image C:\Users\qwe\Documents\GitHub\Play_Kosmos\SpaceShip\Library\PackageCache\com.unity.visualscripting@1.6.1\Editor\VisualScripting.Core\Dependencies\YamlDotNet\Unity.VisualScripting.YamlDotNet.dll
Symbol file LoadedFromMemory doesn't match image C:\Users\qwe\Documents\GitHub\Play_Kosmos\SpaceShip\Library\PackageCache\com.unity.visualscripting@1.6.1\Editor\VisualScripting.Core\Dependencies\DotNetZip\Unity.VisualScripting.IonicZip.dll
Native extension for WindowsStandalone target not found
Refreshing native plugins compatible for Editor in 1.28 ms, found 7 plugins.
Preloading 0 native plugins for Editor in 0.00 ms.
Mono: successfully reloaded assembly
- Completed reload, in  1.562 seconds
Domain Reload Profiling:
	ReloadAssembly (1562ms)
		BeginReloadAssembly (175ms)
			ExecutionOrderSort (0ms)
			DisableScriptedObjects (8ms)
			BackupInstance (0ms)
			ReleaseScriptingObjects (0ms)
			CreateAndSetChildDomain (47ms)
		EndReloadAssembly (1305ms)
			LoadAssemblies (145ms)
			RebuildTransferFunctionScriptingTraits (0ms)
			SetupTypeCache (451ms)
			ReleaseScriptCaches (1ms)
			RebuildScriptCaches (62ms)
			SetupLoadedEditorAssemblies (521ms)
				LogAssemblyErrors (0ms)
				InitializePlatformSupportModulesInManaged (6ms)
				SetLoadedEditorAssemblies (1ms)
				RefreshPlugins (1ms)
				BeforeProcessingInitializeOnLoad (96ms)
				ProcessInitializeOnLoadAttributes (393ms)
				ProcessInitializeOnLoadMethodAttributes (13ms)
				AfterProcessingInitializeOnLoad (10ms)
				EditorAssembliesLoaded (0ms)
			ExecutionOrderSort2 (0ms)
			AwakeInstancesAfterBackupRestoration (16ms)
Platform modules already initialized, skipping
Switching build target platform(19) subTarget(0) extendedPlatform(0) -> platform(13) subTarget(537395200) extendedPlatform(0)
Refreshing native plugins compatible for Editor in 0.86 ms, found 7 plugins.
Preloading 0 native plugins for Editor in 0.00 ms.
Unloading 3859 Unused Serialized files (Serialized files now loaded: 0)
System memory in use before: 142.7 MB.
System memory in use after: 142.9 MB.

Unloading 31 unused Assets to reduce memory usage. Loaded Objects now: 4324.
Total: 5.719500 ms (FindLiveObjects: 0.359100 ms CreateObjectMapping: 0.134400 ms MarkObjects: 5.115300 ms  DeleteObjects: 0.109300 ms)

AssetImportParameters requested are different than current active one (requested -> active):
  custom:framework-win-MediaFoundation: 216162199b28c13a410421893ffa2e32 -> 
  custom:video-decoder-ogg-theora: a1e56fd34408186e4bbccfd4996cb3dc -> 
  custom:container-muxer-webm: aa71ff27fc2769a1b78a27578f13a17b -> 
  custom:container-demuxer-webm: 4f35f7cbe854078d1ac9338744f61a02 -> 
  custom:container-demuxer-ogg: 62fdf1f143b41e24485cea50d1cbac27 -> 
  custom:video-encoder-webm-vp8: eb34c28f22e8b96e1ab97ce403110664 -> 
  custom:video-codec-MediaFoundation-h265: 746d11721c4dcdbdad8f713fa42b33f4 -> 
  custom:video-decoder-webm-vp8: 9c59270c3fd7afecdb556c50c9e8de78 -> 
  custom:graphics/normal-map-encoding: 01000000000000000000000000000000 -> 02000000000000000000000000000000
  custom:audio-decoder-ogg-vorbis: bf7c407c2cedff20999df2af8eb42d56 -> 
  custom:audio-encoder-webm-vorbis: bf7c407c2cedff20999df2af8eb42d56 -> 
========================================================================
Received Import Request.
  Time since last request: 63.781608 seconds.
  path: Assets/Scripts/Ship.cs
  artifactKey: Guid(ef4367c9cd2093d4688aafaf83418643) Importer(815301076,1909f56bfc062723c751e8b465ee728b)
Start importing Assets/Scripts/Ship.cs using Guid(ef4367c9cd2093d4688aafaf83418643) Importer(815301076,1909f56bfc062723c751e8b465ee728b)  -> (artifact id: '9db8659b7c7654f1b4107e359a6182a9') in 0.016549 seconds 
========================================================================
Received Import Request.
  Time since last request: 15.243870 seconds.
  path: Assets/Scripts/ShipPreviewSpriteChange.cs
  artifactKey: Guid(3482785727b4f5e45ac3dd817cac6a5c) Importer(815301076,1909f56bfc062723c751e8b465ee728b)
Start importing Assets/Scripts/ShipPreviewSpriteChange.cs using Guid(3482785727b4f5e45ac3dd817cac6a5c) Importer(815301076,1909f56bfc062723c751e8b465ee728b)  -> (artifact id: '301167cd4645722daaf6d0607350707f') in 0.010960 seconds 
========================================================================
Received Import Request.
  Time since last request: 691.036874 seconds.
  path: Assets/Sprites/BackgroundImg2.png
  artifactKey: Guid(c62ad4137cd0cad47b48762c8d302729) Importer(815301076,1909f56bfc062723c751e8b465ee728b)
Start importing Assets/Sprites/BackgroundImg2.png using Guid(c62ad4137cd0cad47b48762c8d302729) Importer(815301076,1909f56bfc062723c751e8b465ee728b)  -> (artifact id: 'a0110adcda8ec00b0a5cfb4e934f388d') in 0.139147 seconds 
========================================================================
Received Import Request.
  Time since last request: 6.841273 seconds.
  path: Assets/Sprites/BackgroundImg3.png
  artifactKey: Guid(c05ba4eeb41946b42b0b8c794d3c08a1) Importer(815301076,1909f56bfc062723c751e8b465ee728b)
Start importing Assets/Sprites/BackgroundImg3.png using Guid(c05ba4eeb41946b42b0b8c794d3c08a1) Importer(815301076,1909f56bfc062723c751e8b465ee728b)  -> (artifact id: '928fe38b1a59d148c6aa9e84cbe43279') in 0.022842 seconds 
========================================================================
Received Import Request.
  Time since last request: 5.873626 seconds.
  path: Assets/Sprites/BackgroundImg4.png
  artifactKey: Guid(73441ed02ed58f148b7142f385b60b83) Importer(815301076,1909f56bfc062723c751e8b465ee728b)
Start importing Assets/Sprites/BackgroundImg4.png using Guid(73441ed02ed58f148b7142f385b60b83) Importer(815301076,1909f56bfc062723c751e8b465ee728b)  -> (artifact id: '6dcc698e0fd051e75d627f0da4139ef0') in 0.024158 seconds 
========================================================================
Received Import Request.
  Time since last request: 7.205105 seconds.
  path: Assets/Sprites/BackgroundImg5.png
  artifactKey: Guid(91e7d251ab24bfc409b9cde8470d28f9) Importer(815301076,1909f56bfc062723c751e8b465ee728b)
Start importing Assets/Sprites/BackgroundImg5.png using Guid(91e7d251ab24bfc409b9cde8470d28f9) Importer(815301076,1909f56bfc062723c751e8b465ee728b)  -> (artifact id: '42f6c17fa482848258a3bffc3f5322a2') in 0.045237 seconds 
========================================================================
Received Import Request.
  Time since last request: 15.001454 seconds.
  path: Assets/Sprites/задник 7.PNG
  artifactKey: Guid(0b7fe236a3bbb7b46a886765f1bef270) Importer(815301076,1909f56bfc062723c751e8b465ee728b)
Start importing Assets/Sprites/задник 7.PNG using Guid(0b7fe236a3bbb7b46a886765f1bef270) Importer(815301076,1909f56bfc062723c751e8b465ee728b)  -> (artifact id: 'be82da908985530849ccae9994642391') in 0.030800 seconds 
========================================================================
Received Import Request.
  Time since last request: 10.840207 seconds.
  path: Assets/Sprites/Background6.PNG
  artifactKey: Guid(0b7fe236a3bbb7b46a886765f1bef270) Importer(815301076,1909f56bfc062723c751e8b465ee728b)
Start importing Assets/Sprites/Background6.PNG using Guid(0b7fe236a3bbb7b46a886765f1bef270) Importer(815301076,1909f56bfc062723c751e8b465ee728b)  -> (artifact id: 'b169e80e6812e69889360e74a76db2c7') in 0.022088 seconds 
========================================================================
Received Import Request.
  Time since last request: 5.019959 seconds.
  path: Assets/Sprites/BackgroundImg6.PNG
  artifactKey: Guid(0b7fe236a3bbb7b46a886765f1bef270) Importer(815301076,1909f56bfc062723c751e8b465ee728b)
Start importing Assets/Sprites/BackgroundImg6.PNG using Guid(0b7fe236a3bbb7b46a886765f1bef270) Importer(815301076,1909f56bfc062723c751e8b465ee728b)  -> (artifact id: 'f9aeefb85c197898719850f325e44029') in 0.021750 seconds 
========================================================================
Received Import Request.
  Time since last request: 85.476399 seconds.
  path: Assets/Sprites/Окно блокировки.png
  artifactKey: Guid(1582f4f3bb0285149b713b26155fcc92) Importer(815301076,1909f56bfc062723c751e8b465ee728b)
Start importing Assets/Sprites/Окно блокировки.png using Guid(1582f4f3bb0285149b713b26155fcc92) Importer(815301076,1909f56bfc062723c751e8b465ee728b)  -> (artifact id: 'eb26b0e43987a26155502947d2dfc0da') in 0.026934 seconds 
========================================================================
Received Import Request.
  Time since last request: 18.307530 seconds.
  path: Assets/Sprites/LockCage.png
  artifactKey: Guid(1582f4f3bb0285149b713b26155fcc92) Importer(815301076,1909f56bfc062723c751e8b465ee728b)
Start importing Assets/Sprites/LockCage.png using Guid(1582f4f3bb0285149b713b26155fcc92) Importer(815301076,1909f56bfc062723c751e8b465ee728b)  -> (artifact id: '47e7d86d5c50cfde03a8c633f4819a4b') in 0.022903 seconds 
